<?xml version="1.0" encoding="UTF-8"?>
<testng-results skipped="0" failed="0" ignored="0" total="1" passed="1">
  <reporter-output>
  </reporter-output>
  <suite name="Default suite" duration-ms="30999" started-at="2020-08-02T14:02:24 IST" finished-at="2020-08-02T14:02:55 IST">
    <groups>
    </groups>
    <test name="Default test" duration-ms="30999" started-at="2020-08-02T14:02:24 IST" finished-at="2020-08-02T14:02:55 IST">
      <class name="com.generalLearning.MultipleTabs">
        <test-method status="PASS" signature="setUp()[pri:0, instance:com.generalLearning.MultipleTabs@6737fd8f]" name="setUp" is-config="true" duration-ms="5875" started-at="2020-08-02T14:02:24 IST" finished-at="2020-08-02T14:02:30 IST">
          <reporter-output>
          </reporter-output>
        </test-method> <!-- setUp -->
        <test-method status="PASS" signature="MultipleTabs()[pri:0, instance:com.generalLearning.MultipleTabs@6737fd8f]" name="MultipleTabs" duration-ms="19278" started-at="2020-08-02T14:02:30 IST" finished-at="2020-08-02T14:02:49 IST">
          <reporter-output>
          </reporter-output>
        </test-method> <!-- MultipleTabs -->
        <test-method status="PASS" signature="tearDown()[pri:0, instance:com.generalLearning.MultipleTabs@6737fd8f]" name="tearDown" is-config="true" duration-ms="5769" started-at="2020-08-02T14:02:49 IST" finished-at="2020-08-02T14:02:55 IST">
          <reporter-output>
          </reporter-output>
        </test-method> <!-- tearDown -->
      </class> <!-- com.generalLearning.MultipleTabs -->
    </test> <!-- Default test -->
  </suite> <!-- Default suite -->
</testng-results>
